app/build/outputs/logs/manifest-merger-debug-report.txt
-- Merging decision tree log ---
manifest
ADDED from AndroidManifest.xml:8:1
	xmlns:android
		ADDED from AndroidManifest.xml:8:11
	package
		ADDED from AndroidManifest.xml:9:5
		INJECTED from AndroidManifest.xml:0:0
		INJECTED from AndroidManifest.xml:0:0
	android:versionName
		ADDED from AndroidManifest.xml:11:5
	android:versionCode
		ADDED from AndroidManifest.xml:10:5
		INJECTED from AndroidManifest.xml:0:0
		INJECTED from AndroidManifest.xml:0:0
uses-sdk
ADDED from AndroidManifest.xml:13:5
	android:targetSdkVersion
		INJECTED from AndroidManifest.xml:0:0
		INJECTED from AndroidManifest.xml:0:0
	android:minSdkVersion
		ADDED from AndroidManifest.xml:13:15
		INJECTED from AndroidManifest.xml:0:0
		INJECTED from AndroidManifest.xml:0:0
uses-permission#android.permission.RECORD_AUDIO
ADDED from AndroidManifest.xml:14:5
	android:name
		ADDED from AndroidManifest.xml:14:22
uses-permission#android.permission.WRITE_EXTERNAL_STORAGE
ADDED from AndroidManifest.xml:15:5
	android:name
		ADDED from AndroidManifest.xml:15:22
uses-permission#android.permission.INTERNET
ADDED from AndroidManifest.xml:16:5
	android:name
		ADDED from AndroidManifest.xml:16:22
uses-permission#android.permission.ACCESS_FINE_LOCATION
ADDED from AndroidManifest.xml:17:5
	android:name
		ADDED from AndroidManifest.xml:17:22
uses-permission#android.permission.CAMERA
ADDED from AndroidManifest.xml:18:5
	android:name
		ADDED from AndroidManifest.xml:18:22
uses-permission#android.permission.ACCESS_NETWORK_STATE
ADDED from AndroidManifest.xml:19:5
	android:name
		ADDED from AndroidManifest.xml:19:22
application
ADDED from AndroidManifest.xml:21:5
	android:label
		ADDED from AndroidManifest.xml:23:9
	android:icon
		ADDED from AndroidManifest.xml:22:9
	android:theme
		ADDED from AndroidManifest.xml:25:9
	android:name
		ADDED from AndroidManifest.xml:24:9
activity#com.vinsol.expensetracker.Home
ADDED from AndroidManifest.xml:26:9
	android:screenOrientation
		ADDED from AndroidManifest.xml:29:7
	android:label
		ADDED from AndroidManifest.xml:27:13
	android:configChanges
		ADDED from AndroidManifest.xml:30:7
	android:name
		ADDED from AndroidManifest.xml:28:13
intent-filter#android.intent.action.MAIN+android.intent.category.LAUNCHER
ADDED from AndroidManifest.xml:31:13
action#android.intent.action.MAIN
ADDED from AndroidManifest.xml:32:17
	android:name
		ADDED from AndroidManifest.xml:32:25
category#android.intent.category.LAUNCHER
ADDED from AndroidManifest.xml:33:17
	android:name
		ADDED from AndroidManifest.xml:33:27
activity#com.vinsol.expensetracker.entry.Text
ADDED from AndroidManifest.xml:37:9
	android:windowSoftInputMode
		ADDED from AndroidManifest.xml:41:7
	android:screenOrientation
		ADDED from AndroidManifest.xml:39:7
	android:configChanges
		ADDED from AndroidManifest.xml:40:7
	android:name
		ADDED from AndroidManifest.xml:38:13
activity#com.vinsol.expensetracker.entry.Voice
ADDED from AndroidManifest.xml:42:9
	android:windowSoftInputMode
		ADDED from AndroidManifest.xml:46:7
	android:screenOrientation
		ADDED from AndroidManifest.xml:44:7
	android:configChanges
		ADDED from AndroidManifest.xml:45:7
	android:name
		ADDED from AndroidManifest.xml:43:13
activity#com.vinsol.expensetracker.entry.CameraEntry
ADDED from AndroidManifest.xml:47:9
	android:windowSoftInputMode
		ADDED from AndroidManifest.xml:51:7
	android:screenOrientation
		ADDED from AndroidManifest.xml:49:7
	android:configChanges
		ADDED from AndroidManifest.xml:50:7
	android:name
		ADDED from AndroidManifest.xml:48:13
activity#com.vinsol.expensetracker.expenselisting.ExpenseListing
ADDED from AndroidManifest.xml:52:9
	android:screenOrientation
		ADDED from AndroidManifest.xml:54:7
	android:configChanges
		ADDED from AndroidManifest.xml:55:7
	android:name
		ADDED from AndroidManifest.xml:53:13
activity#com.vinsol.expensetracker.expenselisting.ExpenseSubListing
ADDED from AndroidManifest.xml:56:9
	android:screenOrientation
		ADDED from AndroidManifest.xml:58:7
	android:configChanges
		ADDED from AndroidManifest.xml:59:7
	android:name
		ADDED from AndroidManifest.xml:57:13
activity#com.vinsol.expensetracker.entry.FavoriteEntry
ADDED from AndroidManifest.xml:60:9
	android:windowSoftInputMode
		ADDED from AndroidManifest.xml:64:7
	android:screenOrientation
		ADDED from AndroidManifest.xml:62:7
	android:configChanges
		ADDED from AndroidManifest.xml:63:7
	android:name
		ADDED from AndroidManifest.xml:61:13
activity#com.vinsol.expensetracker.show.ShowVoice
ADDED from AndroidManifest.xml:65:6
	android:screenOrientation
		ADDED from AndroidManifest.xml:67:10
	android:configChanges
		ADDED from AndroidManifest.xml:68:10
	android:name
		ADDED from AndroidManifest.xml:66:13
activity#com.vinsol.expensetracker.show.ShowCamera
ADDED from AndroidManifest.xml:69:9
	android:screenOrientation
		ADDED from AndroidManifest.xml:71:10
	android:configChanges
		ADDED from AndroidManifest.xml:72:10
	android:name
		ADDED from AndroidManifest.xml:70:13
activity#com.vinsol.expensetracker.show.ShowText
ADDED from AndroidManifest.xml:73:9
	android:screenOrientation
		ADDED from AndroidManifest.xml:75:10
	android:configChanges
		ADDED from AndroidManifest.xml:76:10
	android:name
		ADDED from AndroidManifest.xml:74:13
activity#com.vinsol.expensetracker.utils.ImagePreview
ADDED from AndroidManifest.xml:77:9
	android:screenOrientation
		ADDED from AndroidManifest.xml:80:7
	android:configChanges
		ADDED from AndroidManifest.xml:81:7
	android:theme
		ADDED from AndroidManifest.xml:79:13
	android:name
		ADDED from AndroidManifest.xml:78:13
activity#com.vinsol.expensetracker.cameraservice.Camera
ADDED from AndroidManifest.xml:82:9
	android:screenOrientation
		ADDED from AndroidManifest.xml:85:7
	android:configChanges
		ADDED from AndroidManifest.xml:86:7
	android:theme
		ADDED from AndroidManifest.xml:84:13
	android:name
		ADDED from AndroidManifest.xml:83:13
activity#com.vinsol.expensetracker.Preferences
ADDED from AndroidManifest.xml:87:9
	android:screenOrientation
		ADDED from AndroidManifest.xml:90:7
	android:configChanges
		ADDED from AndroidManifest.xml:91:7
	android:theme
		ADDED from AndroidManifest.xml:89:13
	android:name
		ADDED from AndroidManifest.xml:88:13
activity#com.vinsol.expensetracker.expenselisting.ThisWeek
ADDED from AndroidManifest.xml:92:9
	android:screenOrientation
		ADDED from AndroidManifest.xml:94:7
	android:configChanges
		ADDED from AndroidManifest.xml:95:7
	android:name
		ADDED from AndroidManifest.xml:93:13
activity#com.vinsol.expensetracker.expenselisting.ThisMonth
ADDED from AndroidManifest.xml:96:9
	android:screenOrientation
		ADDED from AndroidManifest.xml:98:7
	android:configChanges
		ADDED from AndroidManifest.xml:99:7
	android:name
		ADDED from AndroidManifest.xml:97:13
activity#com.vinsol.expensetracker.expenselisting.ThisYear
ADDED from AndroidManifest.xml:100:9
	android:screenOrientation
		ADDED from AndroidManifest.xml:102:7
	android:configChanges
		ADDED from AndroidManifest.xml:103:7
	android:name
		ADDED from AndroidManifest.xml:101:13
activity#com.vinsol.expensetracker.expenselisting.All
ADDED from AndroidManifest.xml:104:9
	android:screenOrientation
		ADDED from AndroidManifest.xml:106:7
	android:configChanges
		ADDED from AndroidManifest.xml:107:7
	android:name
		ADDED from AndroidManifest.xml:105:13
activity#com.vinsol.expensetracker.GenerateReport
ADDED from AndroidManifest.xml:108:10
	android:screenOrientation
		ADDED from AndroidManifest.xml:110:7
	android:configChanges
		ADDED from AndroidManifest.xml:111:7
	android:name
		ADDED from AndroidManifest.xml:109:13
activity#com.vinsol.expensetracker.sync.LoginType
ADDED from AndroidManifest.xml:112:10
	android:screenOrientation
		ADDED from AndroidManifest.xml:114:7
	android:configChanges
		ADDED from AndroidManifest.xml:115:7
	android:name
		ADDED from AndroidManifest.xml:113:13
activity#com.vinsol.expensetracker.sync.UserAuthentication
ADDED from AndroidManifest.xml:116:10
	android:screenOrientation
		ADDED from AndroidManifest.xml:118:7
	android:configChanges
		ADDED from AndroidManifest.xml:119:7
	android:name
		ADDED from AndroidManifest.xml:117:13